manifest-merger-release-report.txt
-- Merging decision tree log ---
manifest
ADDED from AndroidManifest.xml:1:1
	package
		ADDED from AndroidManifest.xml:2:5
		INJECTED from AndroidManifest.xml:0:0
		INJECTED from AndroidManifest.xml:0:0
	android:versionName
		ADDED from AndroidManifest.xml:4:5
	android:versionCode
		ADDED from AndroidManifest.xml:3:5
		INJECTED from AndroidManifest.xml:0:0
		INJECTED from AndroidManifest.xml:0:0
	xmlns:android
		ADDED from AndroidManifest.xml:1:11
uses-sdk
ADDED from AndroidManifest.xml:6:5
MERGED from com.android.support:support-v4:20.0.0:16:5
MERGED from com.google.android.gms:play-services:6.1.71:15:5
MERGED from com.android.support:support-v4:20.0.0:16:5
	android:targetSdkVersion
		ADDED from AndroidManifest.xml:6:42
		INJECTED from AndroidManifest.xml:0:0
		INJECTED from AndroidManifest.xml:0:0
	android:minSdkVersion
		ADDED from AndroidManifest.xml:6:15
		INJECTED from AndroidManifest.xml:0:0
		INJECTED from AndroidManifest.xml:0:0
application
ADDED from AndroidManifest.xml:8:5
MERGED from com.android.support:support-v4:20.0.0:17:5
MERGED from com.google.android.gms:play-services:6.1.71:16:5
MERGED from com.android.support:support-v4:20.0.0:17:5
	android:label
		ADDED from AndroidManifest.xml:8:53
	android:icon
		ADDED from AndroidManifest.xml:8:18
	android:theme
		ADDED from AndroidManifest.xml:8:86
meta-data#com.google.android.maps.v2.API_KEY
ADDED from AndroidManifest.xml:10:9
	android:value
		ADDED from AndroidManifest.xml:10:70
	android:name
		ADDED from AndroidManifest.xml:10:20
meta-data#com.google.android.gms.version
ADDED from AndroidManifest.xml:11:9
	android:value
		ADDED from AndroidManifest.xml:11:66
	android:name
		ADDED from AndroidManifest.xml:11:20
uses-library#com.google.android.maps
ADDED from AndroidManifest.xml:14:9
	android:required
		ADDED from AndroidManifest.xml:14:23
	android:name
		ADDED from AndroidManifest.xml:14:47
activity#com.alwinyong.alightsg.SelectMRTActivity
ADDED from AndroidManifest.xml:17:9
	android:screenOrientation
		ADDED from AndroidManifest.xml:17:85
	android:label
		ADDED from AndroidManifest.xml:17:53
	android:name
		ADDED from AndroidManifest.xml:17:19
activity#com.alwinyong.alightsg.TrackingMRTActivity
ADDED from AndroidManifest.xml:19:9
	android:screenOrientation
		ADDED from AndroidManifest.xml:19:143
	android:label
		ADDED from AndroidManifest.xml:19:77
	android:launchMode
		ADDED from AndroidManifest.xml:19:112
	android:name
		ADDED from AndroidManifest.xml:19:19
activity#com.alwinyong.alightsg.MRTStationSelectorSource
ADDED from AndroidManifest.xml:23:9
	android:screenOrientation
		ADDED from AndroidManifest.xml:23:129
	android:label
		ADDED from AndroidManifest.xml:23:82
	android:name
		ADDED from AndroidManifest.xml:23:19
activity#com.alwinyong.alightsg.SelectMRTStationActivity
ADDED from AndroidManifest.xml:27:9
	android:screenOrientation
		ADDED from AndroidManifest.xml:27:133
	android:label
		ADDED from AndroidManifest.xml:27:82
	android:name
		ADDED from AndroidManifest.xml:27:19
activity#com.alwinyong.alightsg.TrackingBusActivity
ADDED from AndroidManifest.xml:31:9
	android:screenOrientation
		ADDED from AndroidManifest.xml:31:138
	android:label
		ADDED from AndroidManifest.xml:31:77
	android:launchMode
		ADDED from AndroidManifest.xml:31:107
	android:name
		ADDED from AndroidManifest.xml:31:19
activity#com.alwinyong.alightsg.SettingsActivity
ADDED from AndroidManifest.xml:34:9
	android:label
		ADDED from AndroidManifest.xml:34:74
	android:theme
		ADDED from AndroidManifest.xml:34:99
	android:name
		ADDED from AndroidManifest.xml:34:19
activity#com.alwinyong.alightsg.AlarmPlayerActivity
ADDED from AndroidManifest.xml:37:11
	android:screenOrientation
		ADDED from AndroidManifest.xml:37:129
	android:label
		ADDED from AndroidManifest.xml:37:57
	android:launchMode
		ADDED from AndroidManifest.xml:37:98
	android:name
		ADDED from AndroidManifest.xml:37:21
activity#com.alwinyong.alightsg.BusAlarmActivity
ADDED from AndroidManifest.xml:40:11
	android:label
		ADDED from AndroidManifest.xml:40:54
	android:theme
		ADDED from AndroidManifest.xml:40:80
	android:name
		ADDED from AndroidManifest.xml:40:21
activity#com.alwinyong.alightsg.BusStopSelector
ADDED from AndroidManifest.xml:43:12
	android:screenOrientation
		ADDED from AndroidManifest.xml:43:111
	android:label
		ADDED from AndroidManifest.xml:43:76
	android:name
		ADDED from AndroidManifest.xml:43:22
activity#com.alwinyong.alightsg.AboutActivity
ADDED from AndroidManifest.xml:46:18
	android:screenOrientation
		ADDED from AndroidManifest.xml:46:103
	android:label
		ADDED from AndroidManifest.xml:46:80
	android:name
		ADDED from AndroidManifest.xml:46:28
activity#com.alwinyong.alightsg.LandingActivity
ADDED from AndroidManifest.xml:49:9
	android:screenOrientation
		ADDED from AndroidManifest.xml:49:100
	android:label
		ADDED from AndroidManifest.xml:49:73
	android:name
		ADDED from AndroidManifest.xml:49:19
intent-filter#android.intent.action.MAIN+android.intent.category.LAUNCHER
ADDED from AndroidManifest.xml:50:13
action#android.intent.action.MAIN
ADDED from AndroidManifest.xml:51:17
	android:name
		ADDED from AndroidManifest.xml:51:25
category#android.intent.category.LAUNCHER
ADDED from AndroidManifest.xml:52:17
	android:name
		ADDED from AndroidManifest.xml:52:27
receiver#com.alwinyong.alightsg.NotificationReceiver
ADDED from AndroidManifest.xml:56:6
	android:enabled
		ADDED from AndroidManifest.xml:56:75
	android:name
		ADDED from AndroidManifest.xml:56:16
uses-permission#android.permission.INTERNET
ADDED from AndroidManifest.xml:62:5
	android:name
		ADDED from AndroidManifest.xml:62:22
uses-permission#android.permission.ACCESS_WIFI_STATE
ADDED from AndroidManifest.xml:63:3
	android:name
		ADDED from AndroidManifest.xml:63:20
uses-permission#android.permission.WRITE_EXTERNAL_STORAGE
ADDED from AndroidManifest.xml:64:5
	android:name
		ADDED from AndroidManifest.xml:64:22
uses-permission#com.google.android.providers.gsf.permission.READ_GSERVICES
ADDED from AndroidManifest.xml:65:3
	android:name
		ADDED from AndroidManifest.xml:65:20
uses-permission#android.permission.ACCESS_NETWORK_STATE
ADDED from AndroidManifest.xml:67:5
	android:name
		ADDED from AndroidManifest.xml:67:22
uses-permission#android.permission.ACCESS_FINE_LOCATION
ADDED from AndroidManifest.xml:70:5
	android:name
		ADDED from AndroidManifest.xml:70:22
uses-permission#android.permission.ACCESS_COARSE_LOCATION
ADDED from AndroidManifest.xml:71:5
	android:name
		ADDED from AndroidManifest.xml:71:22
uses-permission#android.permission.WAKE_LOCK
ADDED from AndroidManifest.xml:72:5
	android:name
		ADDED from AndroidManifest.xml:72:22
uses-permission#android.permission.VIBRATE
ADDED from AndroidManifest.xml:73:5
	android:name
		ADDED from AndroidManifest.xml:73:22
uses-feature#0x00020000
ADDED from AndroidManifest.xml:75:5
	android:glEsVersion
		ADDED from AndroidManifest.xml:75:19
	android:required
		ADDED from AndroidManifest.xml:75:52